{"level":"info","timestamp":"2025-09-14T08:24:44.033+0530","caller":"runtime/proc.go:283","msg":"Starting server..."}
{"level":"info","timestamp":"2025-09-14T08:24:45.568+0530","caller":"cmd/main.go:31","msg":"Server starting","port":":8080"}
{"level":"info","timestamp":"2025-09-14T08:25:05.175+0530","caller":"http/server.go:2294","msg":"middleware-logger incoming req details","request":{"method":"GET","path":"localhost:8080","url":"/summaries","remoteAddr":"[::1]:57147"}}
{"level":"info","timestamp":"2025-09-14T08:26:26.596+0530","caller":"http/server.go:2294","msg":"middleware-logger incoming req details","request":{"method":"POST","path":"localhost:8080","url":"/summaries","remoteAddr":"[::1]:54997"}}
2025-09-14T08:27:28.978+0530	INFO	runtime/proc.go:283	Starting server...
2025-09-14T08:27:29.807+0530	INFO	cmd/main.go:31	Server starting	{"port": ":8080"}
2025-09-14T08:27:39.121+0530	INFO	http/server.go:2294	middleware-logger incoming req details	{"request": {"method":"GET","path":"localhost:8080","url":"/summaries","remoteAddr":"[::1]:60642"}}
{"level":"info","timestamp":"2025-09-14T08:28:04.917+0530","caller":"runtime/proc.go:283","msg":"Starting server..."}
{"level":"info","timestamp":"2025-09-14T08:28:05.766+0530","caller":"cmd/main.go:31","msg":"Server starting","port":":8080"}
{"level":"info","timestamp":"2025-09-14T08:28:13.566+0530","caller":"http/server.go:2294","msg":"middleware-logger incoming req details","request":{"method":"GET","path":"localhost:8080","url":"/summaries","remoteAddr":"[::1]:60669"}}
{"level":"info","timestamp":"2025-09-14T09:02:25.069+0530","caller":"runtime/proc.go:283","msg":"Starting server..."}
{"level":"info","timestamp":"2025-09-14T09:02:27.093+0530","caller":"cmd/main.go:31","msg":"Server starting","port":":8080"}
{"level":"info","timestamp":"2025-09-14T09:03:20.008+0530","caller":"handler/middleware.go:57","msg":"middleware-logger incoming req details","request":{"method":"GET","path":"localhost:8080","url":"/summaries/sum-1757779294157","remoteAddr":"[::1]:63094"}}
{"level":"info","timestamp":"2025-09-14T09:04:07.110+0530","caller":"handler/middleware.go:57","msg":"middleware-logger incoming req details","request":{"method":"GET","path":"localhost:8080","url":"/summaries/sum-1757779294158","remoteAddr":"[::1]:63094"}}
{"level":"error","timestamp":"2025-09-14T09:04:07.377+0530","caller":"handler/middleware.go:26","msg":"error at GetSummaryByIDHandler handler","error":"summary with id sum-1757779294158 not found"}
{"level":"info","timestamp":"2025-09-14T09:52:11.443+0530","caller":"runtime/proc.go:283","msg":"Starting server..."}
{"level":"info","timestamp":"2025-09-14T09:52:13.825+0530","caller":"cmd/main.go:31","msg":"Server starting","port":":8080"}
{"level":"info","timestamp":"2025-09-14T09:52:41.625+0530","caller":"handler/middleware.go:57","msg":"middleware-logger incoming req details","request":{"method":"GET","path":"localhost:8080","url":"/summaries/sum-1757779294158","remoteAddr":"[::1]:57317"}}
{"level":"error","timestamp":"2025-09-14T09:52:42.021+0530","caller":"handler/middleware.go:26","msg":"error at GetSummaryByIDHandler handler","error":"summary with id sum-1757779294158 not found"}
{"level":"info","timestamp":"2025-09-14T09:52:53.134+0530","caller":"handler/middleware.go:57","msg":"middleware-logger incoming req details","request":{"method":"GET","path":"localhost:8080","url":"/summaries/dsasd/sum-1757779294158","remoteAddr":"[::1]:57317"}}
{"level":"error","timestamp":"2025-09-14T09:52:53.321+0530","caller":"handler/middleware.go:26","msg":"error at GetSummaryByIDHandler handler","error":"summary with id dsasd/sum-1757779294158 not found"}
{"level":"info","timestamp":"2025-09-14T09:54:10.086+0530","caller":"handler/middleware.go:57","msg":"middleware-logger incoming req details","request":{"method":"POST","path":"localhost:8080","url":"/summaries","remoteAddr":"[::1]:56684"}}
{"level":"error","timestamp":"2025-09-14T09:54:10.086+0530","caller":"handler/middleware.go:41","msg":"Method not allowed","method":"POST"}
{"level":"info","timestamp":"2025-09-14T09:55:02.539+0530","caller":"handler/middleware.go:57","msg":"middleware-logger incoming req details","request":{"method":"POST","path":"localhost:8080","url":"/summary/sync","remoteAddr":"[::1]:56684"}}
{"level":"error","timestamp":"2025-09-14T09:55:03.116+0530","caller":"handler/handlers.go:31","msg":"src :SyncSummary error while fetching from external repo: ","error":"failed to parse external summary list (status 200): EOF"}
{"level":"error","timestamp":"2025-09-14T09:55:03.116+0530","caller":"handler/middleware.go:26","msg":"error while fetching and saving data from external api","error":"failed to parse external summary list (status 200): EOF"}
{"level":"info","timestamp":"2025-09-14T09:56:54.388+0530","caller":"runtime/proc.go:283","msg":"Starting server..."}
{"level":"info","timestamp":"2025-09-14T09:56:55.397+0530","caller":"cmd/main.go:31","msg":"Server starting","port":":8080"}
{"level":"info","timestamp":"2025-09-14T09:57:17.942+0530","caller":"handler/middleware.go:57","msg":"middleware-logger incoming req details","request":{"method":"POST","path":"localhost:8080","url":"/summary/sync","remoteAddr":"[::1]:61829"}}
{"level":"info","timestamp":"2025-09-14T09:58:36.742+0530","caller":"handler/middleware.go:57","msg":"middleware-logger incoming req details","request":{"method":"GET","path":"localhost:8080","url":"/summaries","remoteAddr":"[::1]:61884"}}
{"level":"info","timestamp":"2025-09-14T09:58:41.928+0530","caller":"handler/middleware.go:57","msg":"middleware-logger incoming req details","request":{"method":"GET","path":"localhost:8080","url":"/summaries/","remoteAddr":"[::1]:61884"}}
{"level":"info","timestamp":"2025-09-14T09:58:57.608+0530","caller":"handler/middleware.go:57","msg":"middleware-logger incoming req details","request":{"method":"GET","path":"localhost:8080","url":"/summaries","remoteAddr":"[::1]:61884"}}
{"level":"info","timestamp":"2025-09-14T09:59:54.008+0530","caller":"handler/middleware.go:57","msg":"middleware-logger incoming req details","request":{"method":"GET","path":"localhost:8080","url":"/summaries/sum-1757779294157","remoteAddr":"[::1]:61884"}}
{"level":"info","timestamp":"2025-09-14T10:03:06.113+0530","caller":"handler/middleware.go:57","msg":"middleware-logger incoming req details","request":{"method":"GET","path":"localhost:8080","url":"/summaries","remoteAddr":"[::1]:50826"}}
{"level":"info","timestamp":"2025-09-14T10:16:17.460+0530","caller":"runtime/proc.go:283","msg":"Starting server..."}
{"level":"info","timestamp":"2025-09-14T10:16:18.311+0530","caller":"cmd/main.go:31","msg":"Server starting","port":":8080"}
{"level":"info","timestamp":"2025-09-14T11:12:11.405+0530","caller":"runtime/proc.go:283","msg":"Starting server..."}
{"level":"info","timestamp":"2025-09-14T11:12:12.270+0530","caller":"cmd/main.go:31","msg":"Server starting","port":":8080"}
{"level":"info","timestamp":"2025-09-14T11:12:31.621+0530","caller":"handler/middleware.go:57","msg":"middleware-logger incoming req details","request":{"method":"POST","path":"localhost:8080","url":"/summary/sync","remoteAddr":"[::1]:50705"}}
{"level":"warn","timestamp":"2025-09-14T11:12:31.625+0530","caller":"external/external.go:24","msg":"request failed (try 1), retrying...","error":"Post \"http://localhost:3000/api/summary\": dial tcp [::1]:3000: connectex: No connection could be made because the target machine actively refused it."}
{"level":"warn","timestamp":"2025-09-14T11:12:32.628+0530","caller":"external/external.go:24","msg":"request failed (try 2), retrying...","error":"Post \"http://localhost:3000/api/summary\": dial tcp [::1]:3000: connectex: No connection could be made because the target machine actively refused it."}
{"level":"warn","timestamp":"2025-09-14T11:12:34.630+0530","caller":"external/external.go:24","msg":"request failed (try 3), retrying...","error":"Post \"http://localhost:3000/api/summary\": dial tcp [::1]:3000: connectex: No connection could be made because the target machine actively refused it."}
{"level":"error","timestamp":"2025-09-14T11:12:38.631+0530","caller":"handler/handlers.go:31","msg":"src :SyncSummary error while fetching from external repo: ","error":"error while fetching external summary list: external service unreachable"}
{"level":"error","timestamp":"2025-09-14T11:12:38.631+0530","caller":"handler/middleware.go:26","msg":"error while fetching and saving data from external api","error":"error while fetching external summary list: external service unreachable"}
{"level":"info","timestamp":"2025-09-14T11:13:19.689+0530","caller":"handler/middleware.go:57","msg":"middleware-logger incoming req details","request":{"method":"POST","path":"localhost:8080","url":"/summary/sync","remoteAddr":"[::1]:50705"}}
{"level":"info","timestamp":"2025-09-14T11:13:38.383+0530","caller":"handler/middleware.go:57","msg":"middleware-logger incoming req details","request":{"method":"GET","path":"localhost:8080","url":"/summaries","remoteAddr":"[::1]:50705"}}
